============================= test session starts ==============================
platform darwin -- Python 3.12.6, pytest-9.0.2, pluggy-1.6.0 -- /Library/Frameworks/Python.framework/Versions/3.12/bin/python3
cachedir: .pytest_cache
rootdir: /Users/guruprasad/Desktop/sweet-shop/backend
plugins: anyio-4.12.0
collecting ... collected 8 items

tests/test_auth.py::test_register_and_login PASSED                       [ 12%]
tests/test_sweets.py::test_add_sweet_success PASSED                      [ 25%]
tests/test_sweets.py::test_list_sweets PASSED                            [ 37%]
tests/test_sweets.py::test_search_sweets_by_name PASSED                  [ 50%]
tests/test_sweets.py::test_update_sweet_success PASSED                   [ 62%]
tests/test_sweets.py::test_delete_sweet_success PASSED                   [ 75%]
tests/test_sweets.py::test_purchase_sweet_success PASSED                 [ 87%]
tests/test_sweets.py::test_restock_sweet_success PASSED                  [100%]

=============================== warnings summary ===============================
../../../../../Library/Frameworks/Python.framework/Versions/3.12/lib/python3.12/site-packages/passlib/utils/__init__.py:854
  /Library/Frameworks/Python.framework/Versions/3.12/lib/python3.12/site-packages/passlib/utils/__init__.py:854: DeprecationWarning: 'crypt' is deprecated and slated for removal in Python 3.13
    from crypt import crypt as _crypt

-- Docs: https://docs.pytest.org/en/stable/how-to/capture-warnings.html
========================= 8 passed, 1 warning in 6.63s =========================
